<?xml version="1.0" encoding="UTF-8"?>
<testng-results ignored="0" total="1" passed="1" failed="0" skipped="0">
  <reporter-output>
  </reporter-output>
  <suite started-at="2023-11-30T14:29:37 IST" name="Default suite" finished-at="2023-11-30T14:29:53 IST" duration-ms="15166">
    <groups>
    </groups>
    <test started-at="2023-11-30T14:29:37 IST" name="Default test" finished-at="2023-11-30T14:29:53 IST" duration-ms="15166">
      <class name="Module1_Login_Test.SwagLabLoginTest">
        <test-method is-config="true" signature="openBrowser()[pri:0, instance:Module1_Login_Test.SwagLabLoginTest@e350b40]" started-at="2023-11-30T14:29:38 IST" name="openBrowser" finished-at="2023-11-30T14:29:41 IST" duration-ms="3841" status="PASS">
          <reporter-output>
          </reporter-output>
        </test-method> <!-- openBrowser -->
        <test-method is-config="true" signature="loginToApp()[pri:0, instance:Module1_Login_Test.SwagLabLoginTest@e350b40]" started-at="2023-11-30T14:29:41 IST" name="loginToApp" finished-at="2023-11-30T14:29:47 IST" duration-ms="5427" status="PASS">
          <reporter-output>
          </reporter-output>
        </test-method> <!-- loginToApp -->
        <test-method signature="VerifyTitle()[pri:0, instance:Module1_Login_Test.SwagLabLoginTest@e350b40]" started-at="2023-11-30T14:29:47 IST" name="VerifyTitle" finished-at="2023-11-30T14:29:48 IST" duration-ms="1336" status="PASS">
          <reporter-output>
          </reporter-output>
        </test-method> <!-- VerifyTitle -->
        <test-method is-config="true" signature="logoutFromApp(org.testng.ITestResult)[pri:0, instance:Module1_Login_Test.SwagLabLoginTest@e350b40]" started-at="2023-11-30T14:29:48 IST" name="logoutFromApp" finished-at="2023-11-30T14:29:52 IST" duration-ms="4174" status="PASS">
          <params>
            <param index="0">
              <value>
                <![CDATA[[TestResult name=VerifyTitle status=SUCCESS method=SwagLabLoginTest.VerifyTitle()[pri:0, instance:Module1_Login_Test.SwagLabLoginTest@e350b40] output={null}]]]>
              </value>
            </param>
          </params>
          <reporter-output>
          </reporter-output>
        </test-method> <!-- logoutFromApp -->
        <test-method is-config="true" signature="closeBrowser()[pri:0, instance:Module1_Login_Test.SwagLabLoginTest@e350b40]" started-at="2023-11-30T14:29:52 IST" name="closeBrowser" finished-at="2023-11-30T14:29:53 IST" duration-ms="338" status="PASS">
          <reporter-output>
          </reporter-output>
        </test-method> <!-- closeBrowser -->
      </class> <!-- Module1_Login_Test.SwagLabLoginTest -->
    </test> <!-- Default test -->
  </suite> <!-- Default suite -->
</testng-results>
